<?xml version="1.0" encoding="UTF-8"?>
<!-- Generated by org.testng.reporters.JUnitXMLReporter -->
<testsuite ignored="0" hostname="Himani" failures="1" tests="2" name="Test1" time="25.81" errors="0" timestamp="2022-12-31T15:45:59 IST">
  <testcase classname="ai.ds.testLayer.BuyFuntionality" name="verifyBuyFuntionality" time="4.805">
    <failure type="java.lang.AssertionError" message="null">
      <![CDATA[java.lang.AssertionError: null
at ai.ds.testLayer.BuyFuntionality.verifyBuyFuntionality(BuyFuntionality.java:27)
at java.base/java.util.ArrayList.forEach(ArrayList.java:1511)
... Removed 29 stack frames]]>
    </failure>
  </testcase> <!-- verifyBuyFuntionality -->
  <testcase classname="ai.ds.testLayer.BuyFuntionality" name="verifyBuyFuntionalityWithIntraday" time="5.895"/>
</testsuite> <!-- Test1 -->
